1533278108991	geckodriver	INFO	Listening on 127.0.0.1:19430
1533278111953	geckodriver::marionette	INFO	Starting browser \\?\C:\Program Files\Mozilla Firefox\firefox.exe with args ["-marionette"]
1533278113735	addons.manager	ERROR	startup failed: [Exception... "Component returned failure code: 0x80070057 (NS_ERROR_ILLEGAL_VALUE) [nsIFile.create]"  nsresult: "0x80070057 (NS_ERROR_ILLEGAL_VALUE)"  location: "JS frame :: resource://gre/modules/FileUtils.jsm :: FileUtils_getDir :: line 70"  data: no] Stack trace: FileUtils_getDir()@resource://gre/modules/FileUtils.jsm:70 < FileUtils_getFile()@resource://gre/modules/FileUtils.jsm:42 < validateBlocklist()@resource://gre/modules/AddonManager.jsm:674 < startup()@resource://gre/modules/AddonManager.jsm:837 < startup()@resource://gre/modules/AddonManager.jsm:3145 < observe()@resource://gre/components/addonManager.js:65
JavaScript error: resource://gre/modules/AddonManager.jsm, line 1657: NS_ERROR_NOT_INITIALIZED: AddonManager is not initialized
1533278118628	Marionette	INFO	Listening on port 19467
JavaScript error: resource://gre/modules/AddonManager.jsm, line 2572: NS_ERROR_NOT_INITIALIZED: AddonManager is not initialized
1533278119620	Marionette	WARN	TLS certificate errors will be ignored for this session
JavaScript error: https://ss1.bdstatic.com/5eN1bjq8AAUYm2zgoY3K/r/www/cache/static/protocol/https/plugins/every_cookie_4644b13.js, line 4: ReferenceError: c is not defined
JavaScript error: resource://gre/modules/FileUtils.jsm, line 70: NS_ERROR_ILLEGAL_VALUE: Component returned failure code: 0x80070057 (NS_ERROR_ILLEGAL_VALUE) [nsIFile.create]
JavaScript error: https://sp0.baidu.com/5a1Fazu8AA54nxGko9WTAnF6hhy/su?wd=se&json=1&p=3&sid=1459_26968_21097_26350_26923_20929&req=2&csor=2&pwd=s&cb=jQuery1102009724546334540174_1533278123491&_=1533278123493, line 1: TypeError: jQuery1102009724546334540174_1533278123491 is not a function
JavaScript error: https://sp0.baidu.com/5a1Fazu8AA54nxGko9WTAnF6hhy/su?wd=s&json=1&p=3&sid=1459_26968_21097_26350_26923_20929&req=2&csor=1&cb=jQuery1102009724546334540174_1533278123491&_=1533278123492, line 1: TypeError: jQuery1102009724546334540174_1533278123491 is not a function
JavaScript error: https://sp0.baidu.com/5a1Fazu8AA54nxGko9WTAnF6hhy/su?wd=sele&json=1&p=3&sid=1459_26968_21097_26350_26923_20929&req=2&csor=4&pwd=sel&cb=jQuery1102009724546334540174_1533278123491&_=1533278123495, line 1: TypeError: jQuery1102009724546334540174_1533278123491 is not a function
JavaScript error: https://sp0.baidu.com/5a1Fazu8AA54nxGko9WTAnF6hhy/su?wd=sel&json=1&p=3&sid=1459_26968_21097_26350_26923_20929&req=2&csor=3&pwd=se&cb=jQuery1102009724546334540174_1533278123491&_=1533278123494, line 1: TypeError: jQuery1102009724546334540174_1533278123491 is not a function
JavaScript error: https://sp0.baidu.com/5a1Fazu8AA54nxGko9WTAnF6hhy/su?wd=selen&json=1&p=3&sid=1459_26968_21097_26350_26923_20929&req=2&csor=5&pwd=sele&cb=jQuery1102009724546334540174_1533278123491&_=1533278123496, line 1: TypeError: jQuery1102009724546334540174_1533278123491 is not a function
JavaScript error: https://sp0.baidu.com/5a1Fazu8AA54nxGko9WTAnF6hhy/su?wd=seleni&json=1&p=3&sid=1459_26968_21097_26350_26923_20929&req=2&csor=6&pwd=selen&cb=jQuery1102009724546334540174_1533278123491&_=1533278123497, line 1: TypeError: jQuery1102009724546334540174_1533278123491 is not a function
JavaScript error: https://sp0.baidu.com/5a1Fazu8AA54nxGko9WTAnF6hhy/su?wd=seleniu&json=1&p=3&sid=1459_26968_21097_26350_26923_20929&req=2&csor=7&pwd=seleni&cb=jQuery1102009724546334540174_1533278123491&_=1533278123498, line 1: TypeError: jQuery1102009724546334540174_1533278123491 is not a function
JavaScript error: https://sp0.baidu.com/5a1Fazu8AA54nxGko9WTAnF6hhy/su?wd=selenium&json=1&p=3&sid=1459_26968_21097_26350_26923_20929&req=2&csor=8&pwd=seleniu&cb=jQuery1102009724546334540174_1533278123491&_=1533278123499, line 1: TypeError: jQuery1102009724546334540174_1533278123491 is not a function
1533278130216	Marionette	INFO	New connections will no longer be accepted
06 is not a function
1533198259774	Marionette	INFO	New connections will no longer be accepted
